e:\technology\projects\csjaudiovideotool\csjaudiovideotool\duilib\output\base\win32\debug\base.pdb
e:\technology\projects\csjaudiovideotool\csjaudiovideotool\duilib\output\base\win32\debug\base.idb
e:\technology\projects\csjaudiovideotool\csjaudiovideotool\duilib\tmp\base\win32\debug\atomicops_internals_x86_gcc.obj
e:\technology\projects\csjaudiovideotool\csjaudiovideotool\duilib\tmp\base\win32\debug\waitable_event_win.obj
e:\technology\projects\csjaudiovideotool\csjaudiovideotool\duilib\tmp\base\win32\debug\waitable_event_posix.obj
e:\technology\projects\csjaudiovideotool\csjaudiovideotool\duilib\tmp\base\win32\debug\semaphore_win.obj
e:\technology\projects\csjaudiovideotool\csjaudiovideotool\duilib\tmp\base\win32\debug\semaphore_posix.obj
e:\technology\projects\csjaudiovideotool\csjaudiovideotool\duilib\tmp\base\win32\debug\lock_win.obj
e:\technology\projects\csjaudiovideotool\csjaudiovideotool\duilib\tmp\base\win32\debug\lock_posix.obj
e:\technology\projects\csjaudiovideotool\csjaudiovideotool\duilib\tmp\base\win32\debug\network_util.obj
e:\technology\projects\csjaudiovideotool\csjaudiovideotool\duilib\tmp\base\win32\debug\cpu.obj
e:\technology\projects\csjaudiovideotool\csjaudiovideotool\duilib\tmp\base\win32\debug\win_ui_message_pump.obj
e:\technology\projects\csjaudiovideotool\csjaudiovideotool\duilib\tmp\base\win32\debug\win_message_pump.obj
e:\technology\projects\csjaudiovideotool\csjaudiovideotool\duilib\tmp\base\win32\debug\win_io_message_pump.obj
e:\technology\projects\csjaudiovideotool\csjaudiovideotool\duilib\tmp\base\win32\debug\message_pump.obj
e:\technology\projects\csjaudiovideotool\csjaudiovideotool\duilib\tmp\base\win32\debug\message_loop_proxy.obj
e:\technology\projects\csjaudiovideotool\csjaudiovideotool\duilib\tmp\base\win32\debug\message_loop.obj
e:\technology\projects\csjaudiovideotool\csjaudiovideotool\duilib\tmp\base\win32\debug\default_message_pump.obj
e:\technology\projects\csjaudiovideotool\csjaudiovideotool\duilib\tmp\base\win32\debug\file_util_win.obj
e:\technology\projects\csjaudiovideotool\csjaudiovideotool\duilib\tmp\base\win32\debug\file_util_posix.obj
e:\technology\projects\csjaudiovideotool\csjaudiovideotool\duilib\tmp\base\win32\debug\file_util.obj
e:\technology\projects\csjaudiovideotool\csjaudiovideotool\duilib\tmp\base\win32\debug\des.obj
e:\technology\projects\csjaudiovideotool\csjaudiovideotool\duilib\tmp\base\win32\debug\shared_memory.obj
e:\technology\projects\csjaudiovideotool\csjaudiovideotool\duilib\tmp\base\win32\debug\security_util.obj
e:\technology\projects\csjaudiovideotool\csjaudiovideotool\duilib\tmp\base\win32\debug\platform_string_util.obj
e:\technology\projects\csjaudiovideotool\csjaudiovideotool\duilib\tmp\base\win32\debug\path_util.obj
e:\technology\projects\csjaudiovideotool\csjaudiovideotool\duilib\tmp\base\win32\debug\object_watcher.obj
e:\technology\projects\csjaudiovideotool\csjaudiovideotool\duilib\tmp\base\win32\debug\string_util.obj
e:\technology\projects\csjaudiovideotool\csjaudiovideotool\duilib\tmp\base\win32\debug\string_number_conversions.obj
e:\technology\projects\csjaudiovideotool\csjaudiovideotool\duilib\tmp\base\win32\debug\cmd_line_args.obj
e:\technology\projects\csjaudiovideotool\csjaudiovideotool\duilib\tmp\base\win32\debug\base64.obj
e:\technology\projects\csjaudiovideotool\csjaudiovideotool\duilib\tmp\base\win32\debug\at_exit.obj
e:\technology\projects\csjaudiovideotool\csjaudiovideotool\duilib\tmp\base\win32\debug\time_win.obj
e:\technology\projects\csjaudiovideotool\csjaudiovideotool\duilib\tmp\base\win32\debug\time_posix.obj
e:\technology\projects\csjaudiovideotool\csjaudiovideotool\duilib\tmp\base\win32\debug\time.obj
e:\technology\projects\csjaudiovideotool\csjaudiovideotool\duilib\tmp\base\win32\debug\thread_win.obj
e:\technology\projects\csjaudiovideotool\csjaudiovideotool\duilib\tmp\base\win32\debug\thread_posix.obj
e:\technology\projects\csjaudiovideotool\csjaudiovideotool\duilib\tmp\base\win32\debug\thread_manager.obj
e:\technology\projects\csjaudiovideotool\csjaudiovideotool\duilib\tmp\base\win32\debug\thread_local_win.obj
e:\technology\projects\csjaudiovideotool\csjaudiovideotool\duilib\tmp\base\win32\debug\thread_local_posix.obj
e:\technology\projects\csjaudiovideotool\csjaudiovideotool\duilib\tmp\base\win32\debug\framework_thread.obj
e:\technology\projects\csjaudiovideotool\csjaudiovideotool\duilib\tmp\base\win32\debug\modp_b64.obj
e:\technology\projects\csjaudiovideotool\csjaudiovideotool\duilib\tmp\base\win32\debug\win_util.obj
e:\technology\projects\csjaudiovideotool\csjaudiovideotool\duilib\tmp\base\win32\debug\convertutf.obj
e:\technology\projects\csjaudiovideotool\csjaudiovideotool\duilib\output\base\win32\debug\base_d.lib
e:\technology\projects\csjaudiovideotool\csjaudiovideotool\duilib\base\..\output\base\win32\debug\base_d.lib
e:\technology\projects\csjaudiovideotool\csjaudiovideotool\duilib\tmp\base\win32\debug\base.tlog\cl.command.1.tlog
e:\technology\projects\csjaudiovideotool\csjaudiovideotool\duilib\tmp\base\win32\debug\base.tlog\cl.read.1.tlog
e:\technology\projects\csjaudiovideotool\csjaudiovideotool\duilib\tmp\base\win32\debug\base.tlog\cl.write.1.tlog
e:\technology\projects\csjaudiovideotool\csjaudiovideotool\duilib\tmp\base\win32\debug\base.tlog\lib-link.read.1.tlog
e:\technology\projects\csjaudiovideotool\csjaudiovideotool\duilib\tmp\base\win32\debug\base.tlog\lib-link.write.1.tlog
e:\technology\projects\csjaudiovideotool\csjaudiovideotool\duilib\tmp\base\win32\debug\base.tlog\lib.command.1.tlog
