  stdafx.cpp
  cef_js_bridge.cpp
  client_app.cpp
  client_app_browser.cpp
  client_app_render.cpp
  js_handler.cpp
  cef_control.cpp
  cef_control_base.cpp
  cef_control_base_ui.cpp
  cef_control_ui.cpp
  cef_native_control.cpp
  browser_handler.cpp
  cef_manager.cpp
  memory_dc.cpp
  ui_menu.cpp
  async_do_modal.cpp
  async_modal_runner.cpp
  file_dialog_ex.cpp
  msgbox.cpp
  shadow_wnd.cpp
  toast.cpp
  正在生成代码...
  正在编译...
  windows_manager.cpp
  window_ex.cpp
  正在生成代码...
  ui_components.vcxproj -> E:\technology\Projects\CSJAudioVideoTool\CSJAudioVideoTool\DuiLib\ui_components\..\output\ui_components\Win32\Debug\ui_components_d.lib
  E:\technology\Projects\CSJAudioVideoTool\CSJAudioVideoTool\DuiLib\ui_components\..\output\ui_components\Win32\Debug\ui_components_d.lib
  复制了 1 个文件
  E:\technology\Projects\CSJAudioVideoTool\CSJAudioVideoTool\DuiLib\ui_components\..\output\ui_components\Win32\Debug\ui_components_d.pdb
  复制了 1 个文件
