e:\technology\projects\csjaudiovideotool\csjaudiovideotool\csjaudiovideotool\gltool\x64\debug\gltool.pch
e:\technology\projects\csjaudiovideotool\csjaudiovideotool\csjaudiovideotool\gltool\x64\debug\gltool.pdb
e:\technology\projects\csjaudiovideotool\csjaudiovideotool\csjaudiovideotool\gltool\x64\debug\gltool.idb
e:\technology\projects\csjaudiovideotool\csjaudiovideotool\csjaudiovideotool\gltool\x64\debug\stdafx.obj
e:\technology\projects\csjaudiovideotool\csjaudiovideotool\csjaudiovideotool\gltool\x64\debug\vec4.obj
e:\technology\projects\csjaudiovideotool\csjaudiovideotool\csjaudiovideotool\gltool\x64\debug\vec3.obj
e:\technology\projects\csjaudiovideotool\csjaudiovideotool\csjaudiovideotool\gltool\x64\debug\vec2.obj
e:\technology\projects\csjaudiovideotool\csjaudiovideotool\csjaudiovideotool\gltool\x64\debug\bmem.obj
e:\technology\projects\csjaudiovideotool\csjaudiovideotool\csjaudiovideotool\gltool\x64\debug\quat.obj
e:\technology\projects\csjaudiovideotool\csjaudiovideotool\csjaudiovideotool\gltool\x64\debug\plane.obj
e:\technology\projects\csjaudiovideotool\csjaudiovideotool\csjaudiovideotool\gltool\x64\debug\matrix4.obj
e:\technology\projects\csjaudiovideotool\csjaudiovideotool\csjaudiovideotool\gltool\x64\debug\matrix3.obj
e:\technology\projects\csjaudiovideotool\csjaudiovideotool\csjaudiovideotool\gltool\x64\debug\math-extra.obj
e:\technology\projects\csjaudiovideotool\csjaudiovideotool\csjaudiovideotool\gltool\x64\debug\axisang.obj
e:\technology\projects\csjaudiovideotool\csjaudiovideotool\x64\debug\gltool.lib
e:\technology\projects\csjaudiovideotool\csjaudiovideotool\x64\debug\gltool.pdb
e:\technology\projects\csjaudiovideotool\csjaudiovideotool\csjaudiovideotool\gltool\x64\debug\gltool.tlog\cl.command.1.tlog
e:\technology\projects\csjaudiovideotool\csjaudiovideotool\csjaudiovideotool\gltool\x64\debug\gltool.tlog\cl.read.1.tlog
e:\technology\projects\csjaudiovideotool\csjaudiovideotool\csjaudiovideotool\gltool\x64\debug\gltool.tlog\cl.write.1.tlog
e:\technology\projects\csjaudiovideotool\csjaudiovideotool\csjaudiovideotool\gltool\x64\debug\gltool.tlog\lib-link.read.1.tlog
e:\technology\projects\csjaudiovideotool\csjaudiovideotool\csjaudiovideotool\gltool\x64\debug\gltool.tlog\lib-link.write.1.tlog
e:\technology\projects\csjaudiovideotool\csjaudiovideotool\csjaudiovideotool\gltool\x64\debug\gltool.tlog\lib.command.1.tlog
